<?xml version="1.0" encoding="UTF-8"?>
<testng-results ignored="0" total="1" passed="1" failed="0" skipped="0">
  <reporter-output>
  </reporter-output>
  <suite started-at="2025-03-05T17:12:56 UTC" name="Surefire suite" finished-at="2025-03-05T17:12:56 UTC" duration-ms="37">
    <groups>
    </groups>
    <test started-at="2025-03-05T17:12:56 UTC" name="Surefire test" finished-at="2025-03-05T17:12:56 UTC" duration-ms="37">
      <class name="com.mycompany.app.AppTest">
        <test-method signature="testApp()[pri:0, instance:testApp(com.mycompany.app.AppTest)]" started-at="2025-03-05T17:12:56 UTC" name="testApp" finished-at="2025-03-05T17:12:56 UTC" duration-ms="21" status="PASS">
          <reporter-output>
          </reporter-output>
        </test-method> <!-- testApp -->
      </class> <!-- com.mycompany.app.AppTest -->
    </test> <!-- Surefire test -->
  </suite> <!-- Surefire suite -->
</testng-results>
